########### array before sorts ###########
0	165.000000	-109.000000	164.615019	-103.126321	n
1	164.615019	-103.126321	163.466662	-97.353143	n
2	163.466662	-97.353143	158.971143	-86.500000	n
3	158.971143	-86.500000	151.819805	-77.180195	n
4	151.819805	-77.180195	142.500000	-70.028857	n
5	142.500000	-70.028857	131.646857	-65.533338	n
6	131.646857	-65.533338	120.000000	-64.000000	n
7	120.000000	-64.000000	108.353143	-65.533338	n
8	108.353143	-65.533338	97.500000	-70.028857	n
9	97.500000	-70.028857	88.180195	-77.180195	n
10	88.180195	-77.180195	81.028857	-86.500000	n
11	81.028857	-86.500000	76.533338	-97.353143	n
12	76.533338	-97.353143	75.000000	-109.000000	n
13	75.000000	-109.000000	76.533338	-120.646857	n
14	76.533338	-120.646857	81.028857	-131.500000	n
15	81.028857	-131.500000	88.180195	-140.819805	n
16	88.180195	-140.819805	97.500000	-147.971143	n
17	97.500000	-147.971143	108.353143	-152.466662	n
18	108.353143	-152.466662	120.000000	-154.000000	n
19	120.000000	-154.000000	131.646857	-152.466662	n
20	131.646857	-152.466662	142.500000	-147.971143	n
21	142.500000	-147.971143	151.819805	-140.819805	n
22	151.819805	-140.819805	158.971143	-131.500000	n
23	158.971143	-131.500000	163.466662	-120.646857	n
24	163.466662	-120.646857	165.000000	-109.000000	n
Tolerance=0.050000.
*Exact match for i=0 and j=1.
*i point 165.000000	-109.000000	164.615019	-103.126321	y
*Exact match for i=1 and j=2.
*i point 164.615019	-103.126321	163.466662	-97.353143	y
*Exact match for i=2 and j=3.
*i point 163.466662	-97.353143	158.971143	-86.500000	y
*Exact match for i=3 and j=4.
*i point 158.971143	-86.500000	151.819805	-77.180195	y
*Exact match for i=4 and j=5.
*i point 151.819805	-77.180195	142.500000	-70.028857	y
*Exact match for i=5 and j=6.
*i point 142.500000	-70.028857	131.646857	-65.533338	y
*Exact match for i=6 and j=7.
*i point 131.646857	-65.533338	120.000000	-64.000000	y
*Exact match for i=7 and j=8.
*i point 120.000000	-64.000000	108.353143	-65.533338	y
*Exact match for i=8 and j=9.
*i point 108.353143	-65.533338	97.500000	-70.028857	y
*Exact match for i=9 and j=10.
*i point 97.500000	-70.028857	88.180195	-77.180195	y
*Exact match for i=10 and j=11.
*i point 88.180195	-77.180195	81.028857	-86.500000	y
*Exact match for i=11 and j=12.
*i point 81.028857	-86.500000	76.533338	-97.353143	y
*Exact match for i=12 and j=13.
*i point 76.533338	-97.353143	75.000000	-109.000000	y
*Exact match for i=13 and j=14.
*i point 75.000000	-109.000000	76.533338	-120.646857	y
*Exact match for i=14 and j=15.
*i point 76.533338	-120.646857	81.028857	-131.500000	y
*Exact match for i=15 and j=16.
*i point 81.028857	-131.500000	88.180195	-140.819805	y
*Exact match for i=16 and j=17.
*i point 88.180195	-140.819805	97.500000	-147.971143	y
*Exact match for i=17 and j=18.
*i point 97.500000	-147.971143	108.353143	-152.466662	y
*Exact match for i=18 and j=19.
*i point 108.353143	-152.466662	120.000000	-154.000000	y
*Exact match for i=19 and j=20.
*i point 120.000000	-154.000000	131.646857	-152.466662	y
*Exact match for i=20 and j=21.
*i point 131.646857	-152.466662	142.500000	-147.971143	y
*Exact match for i=21 and j=22.
*i point 142.500000	-147.971143	151.819805	-140.819805	y
*Exact match for i=22 and j=23.
*i point 151.819805	-140.819805	158.971143	-131.500000	y
*Exact match for i=23 and j=24.
*i point 158.971143	-131.500000	163.466662	-120.646857	y
########### array after sorts ###########
0	165.000000	-109.000000	164.615019	-103.126321	y
1	164.615019	-103.126321	163.466662	-97.353143	y
2	163.466662	-97.353143	158.971143	-86.500000	y
3	158.971143	-86.500000	151.819805	-77.180195	y
4	151.819805	-77.180195	142.500000	-70.028857	y
5	142.500000	-70.028857	131.646857	-65.533338	y
6	131.646857	-65.533338	120.000000	-64.000000	y
7	120.000000	-64.000000	108.353143	-65.533338	y
8	108.353143	-65.533338	97.500000	-70.028857	y
9	97.500000	-70.028857	88.180195	-77.180195	y
10	88.180195	-77.180195	81.028857	-86.500000	y
11	81.028857	-86.500000	76.533338	-97.353143	y
12	76.533338	-97.353143	75.000000	-109.000000	y
13	75.000000	-109.000000	76.533338	-120.646857	y
14	76.533338	-120.646857	81.028857	-131.500000	y
15	81.028857	-131.500000	88.180195	-140.819805	y
16	88.180195	-140.819805	97.500000	-147.971143	y
17	97.500000	-147.971143	108.353143	-152.466662	y
18	108.353143	-152.466662	120.000000	-154.000000	y
19	120.000000	-154.000000	131.646857	-152.466662	y
20	131.646857	-152.466662	142.500000	-147.971143	y
21	142.500000	-147.971143	151.819805	-140.819805	y
22	151.819805	-140.819805	158.971143	-131.500000	y
23	158.971143	-131.500000	163.466662	-120.646857	y
24	163.466662	-120.646857	165.000000	-109.000000	y
***************
.BOARD_OUTLINE UNOWNED
1.6
0     165.000000     -109.000000     0
0     164.615019     -103.126321     0
0     163.466662     -97.353143     0
0     158.971143     -86.500000     0
0     151.819805     -77.180195     0
0     142.500000     -70.028857     0
0     131.646857     -65.533338     0
0     120.000000     -64.000000     0
0     108.353143     -65.533338     0
0     97.500000     -70.028857     0
0     88.180195     -77.180195     0
0     81.028857     -86.500000     0
0     76.533338     -97.353143     0
0     75.000000     -109.000000     0
0     76.533338     -120.646857     0
0     81.028857     -131.500000     0
0     88.180195     -140.819805     0
0     97.500000     -147.971143     0
0     108.353143     -152.466662     0
0     120.000000     -154.000000     0
0     131.646857     -152.466662     0
0     142.500000     -147.971143     0
0     151.819805     -140.819805     0
0     158.971143     -131.500000     0
0     163.466662     -120.646857     0
0     165.000000     -109.000000     0
